<?xml version="1.0" encoding="UTF-8"?>
<testng-results skipped="0" failed="0" ignored="0" total="1" passed="1">
  <reporter-output>
  </reporter-output>
  <suite name="Default suite" duration-ms="23296" started-at="2020-06-02T02:38:23Z" finished-at="2020-06-02T02:38:46Z">
    <groups>
    </groups>
    <test name="Default test" duration-ms="23296" started-at="2020-06-02T02:38:23Z" finished-at="2020-06-02T02:38:46Z">
      <class name="com.lapuertaTestcases.verifyLoginTest">
        <test-method status="PASS" signature="checkValidUser()[pri:0, instance:com.lapuertaTestcases.verifyLoginTest@6f195bc3]" name="checkValidUser" duration-ms="23274" started-at="2020-06-02T02:38:23Z" finished-at="2020-06-02T02:38:46Z">
          <reporter-output>
          </reporter-output>
        </test-method> <!-- checkValidUser -->
      </class> <!-- com.lapuertaTestcases.verifyLoginTest -->
    </test> <!-- Default test -->
  </suite> <!-- Default suite -->
</testng-results>
